<?xml version="1.0" encoding="UTF-8"?>
<!-- Generated by org.testng.reporters.JUnitReportReporter -->
<testsuite hostname="DESKTOP-8N4S0QF" failures="0" tests="1" name="com.projectteamfortune.TestRunner.DellsearchTestNGtestRunner$TestRunner" time="0.000" errors="0" timestamp="20 May 2022 03:53:56 GMT" skipped="1">
  <testcase classname="com.projectteamfortune.TestRunner.DellsearchTestNGtestRunner$TestRunner" name="feature" time="0.000">
    <skipped/>
  </testcase> <!-- feature -->
</testsuite> <!-- com.projectteamfortune.TestRunner.DellsearchTestNGtestRunner$TestRunner -->
