<?xml version="1.0" encoding="UTF-8"?>
<!-- Generated by org.testng.reporters.JUnitReportReporter -->
<testsuite skipped="0" hostname="DESKTOP-8N4S0QF" name="com.projectteamfortune.TestRunner.TestNGTestRunner$TestRunner" tests="1" failures="0" timestamp="21 May 2022 02:32:13 GMT" time="9.779" errors="0">
  <testcase name="feature" time="9.779" classname="com.projectteamfortune.TestRunner.TestNGTestRunner$TestRunner"/>
</testsuite> <!-- com.projectteamfortune.TestRunner.TestNGTestRunner$TestRunner -->
